2024-54-14 02-54-12 [restartedMain] INFO  c.e.p.ProductServiceApplication - Starting ProductServiceApplication using Java 17.0.8 with PID 3584 (D:\ecommerce-app\app\product-service\target\classes started by user in D:\ecommerce-app\app\order-service)
2024-54-14 02-54-12 [restartedMain] INFO  c.e.p.ProductServiceApplication - No active profile set, falling back to 1 default profile: "default"
2024-54-14 02-54-12 [restartedMain] INFO  o.s.b.d.e.DevToolsPropertyDefaultsPostProcessor - Devtools property defaults active! Set 'spring.devtools.add-properties' to 'false' to disable
2024-54-14 02-54-12 [restartedMain] INFO  o.s.b.d.e.DevToolsPropertyDefaultsPostProcessor - For additional web related logging consider setting the 'logging.level.web' property to 'DEBUG'
2024-54-14 02-54-14 [restartedMain] INFO  o.s.d.r.c.RepositoryConfigurationDelegate - Bootstrapping Spring Data MongoDB repositories in DEFAULT mode.
2024-54-14 02-54-14 [restartedMain] INFO  o.s.d.r.c.RepositoryConfigurationDelegate - Finished Spring Data repository scanning in 87 ms. Found 1 MongoDB repository interface.
2024-54-14 02-54-15 [restartedMain] INFO  o.s.b.w.e.tomcat.TomcatWebServer - Tomcat initialized with port 10002 (http)
2024-54-14 02-54-15 [restartedMain] INFO  o.a.coyote.http11.Http11NioProtocol - Initializing ProtocolHandler ["http-nio-10002"]
2024-54-14 02-54-15 [restartedMain] INFO  o.a.catalina.core.StandardService - Starting service [Tomcat]
2024-54-14 02-54-15 [restartedMain] INFO  o.a.catalina.core.StandardEngine - Starting Servlet engine: [Apache Tomcat/10.1.25]
2024-54-14 02-54-15 [restartedMain] INFO  o.a.c.c.C.[Tomcat].[localhost].[/] - Initializing Spring embedded WebApplicationContext
2024-54-14 02-54-15 [restartedMain] INFO  o.s.b.w.s.c.ServletWebServerApplicationContext - Root WebApplicationContext: initialization completed in 2623 ms
2024-54-14 02-54-15 [restartedMain] INFO  org.mongodb.driver.client - MongoClient with metadata {"driver": {"name": "mongo-java-driver|sync|spring-boot", "version": "5.0.1"}, "os": {"type": "Windows", "name": "Windows 10", "architecture": "amd64", "version": "10.0"}, "platform": "Java/Oracle Corporation/17.0.8+9-LTS-211"} created with settings MongoClientSettings{readPreference=primary, writeConcern=WriteConcern{w=null, wTimeout=null ms, journal=null}, retryWrites=true, retryReads=true, readConcern=ReadConcern{level=null}, credential=null, transportSettings=null, commandListeners=[], codecRegistry=ProvidersCodecRegistry{codecProviders=[ValueCodecProvider{}, BsonValueCodecProvider{}, DBRefCodecProvider{}, DBObjectCodecProvider{}, DocumentCodecProvider{}, CollectionCodecProvider{}, IterableCodecProvider{}, MapCodecProvider{}, GeoJsonCodecProvider{}, GridFSFileCodecProvider{}, Jsr310CodecProvider{}, JsonObjectCodecProvider{}, BsonCodecProvider{}, EnumCodecProvider{}, com.mongodb.client.model.mql.ExpressionCodecProvider@38681e64, com.mongodb.Jep395RecordCodecProvider@78121dcf, com.mongodb.KotlinCodecProvider@15f7d950]}, loggerSettings=LoggerSettings{maxDocumentLength=1000}, clusterSettings={hosts=[localhost:27017], srvServiceName=mongodb, mode=SINGLE, requiredClusterType=UNKNOWN, requiredReplicaSetName='null', serverSelector='null', clusterListeners='[]', serverSelectionTimeout='30000 ms', localThreshold='15 ms'}, socketSettings=SocketSettings{connectTimeoutMS=10000, readTimeoutMS=0, receiveBufferSize=0, proxySettings=ProxySettings{host=null, port=null, username=null, password=null}}, heartbeatSocketSettings=SocketSettings{connectTimeoutMS=10000, readTimeoutMS=10000, receiveBufferSize=0, proxySettings=ProxySettings{host=null, port=null, username=null, password=null}}, connectionPoolSettings=ConnectionPoolSettings{maxSize=100, minSize=0, maxWaitTimeMS=120000, maxConnectionLifeTimeMS=0, maxConnectionIdleTimeMS=0, maintenanceInitialDelayMS=0, maintenanceFrequencyMS=60000, connectionPoolListeners=[], maxConnecting=2}, serverSettings=ServerSettings{heartbeatFrequencyMS=10000, minHeartbeatFrequencyMS=500, serverListeners='[]', serverMonitorListeners='[]'}, sslSettings=SslSettings{enabled=false, invalidHostNameAllowed=false, context=null}, applicationName='null', compressorList=[], uuidRepresentation=JAVA_LEGACY, serverApi=null, autoEncryptionSettings=null, dnsClient=null, inetAddressResolver=null, contextProvider=null}
2024-54-14 02-54-15 [cluster-ClusterId{value='6692f07f96b92d1e387b281a', description='null'}-localhost:27017] INFO  org.mongodb.driver.cluster - Monitor thread successfully connected to server with description ServerDescription{address=localhost:27017, type=STANDALONE, state=CONNECTED, ok=true, minWireVersion=0, maxWireVersion=21, maxDocumentSize=16777216, logicalSessionTimeoutMinutes=30, roundTripTimeNanos=35525700}
2024-54-14 02-54-15 [restartedMain] WARN  o.s.b.d.a.OptionalLiveReloadServer - Unable to start LiveReload server
2024-54-14 02-54-16 [restartedMain] INFO  o.a.coyote.http11.Http11NioProtocol - Starting ProtocolHandler ["http-nio-10002"]
2024-54-14 02-54-16 [restartedMain] INFO  o.s.b.w.e.tomcat.TomcatWebServer - Tomcat started on port 10002 (http) with context path '/'
2024-54-14 02-54-17 [restartedMain] INFO  c.e.p.ProductServiceApplication - Started ProductServiceApplication in 5.153 seconds (process running for 6.177)
2024-56-14 02-56-18 [restartedMain] INFO   - Starting ProductServiceApplication using Java 17.0.8 with PID 240 (D:\ecommerce-app\app\product-service\target\classes started by user in D:\ecommerce-app\app\order-service)
2024-56-14 02-56-18 [restartedMain] INFO   - No active profile set, falling back to 1 default profile: "default"
2024-56-14 02-56-19 [restartedMain] INFO   - Devtools property defaults active! Set 'spring.devtools.add-properties' to 'false' to disable
2024-56-14 02-56-19 [restartedMain] INFO   - For additional web related logging consider setting the 'logging.level.web' property to 'DEBUG'
2024-56-14 02-56-20 [restartedMain] INFO   - Bootstrapping Spring Data MongoDB repositories in DEFAULT mode.
2024-56-14 02-56-20 [restartedMain] INFO   - Finished Spring Data repository scanning in 87 ms. Found 1 MongoDB repository interface.
2024-56-14 02-56-21 [restartedMain] INFO   - Tomcat initialized with port 10002 (http)
2024-56-14 02-56-21 [restartedMain] INFO   - Initializing ProtocolHandler ["http-nio-10002"]
2024-56-14 02-56-21 [restartedMain] INFO   - Starting service [Tomcat]
2024-56-14 02-56-21 [restartedMain] INFO   - Starting Servlet engine: [Apache Tomcat/10.1.25]
2024-56-14 02-56-21 [restartedMain] INFO   - Initializing Spring embedded WebApplicationContext
2024-56-14 02-56-21 [restartedMain] INFO   - Root WebApplicationContext: initialization completed in 2641 ms
2024-56-14 02-56-22 [restartedMain] INFO   - MongoClient with metadata {"driver": {"name": "mongo-java-driver|sync|spring-boot", "version": "5.0.1"}, "os": {"type": "Windows", "name": "Windows 10", "architecture": "amd64", "version": "10.0"}, "platform": "Java/Oracle Corporation/17.0.8+9-LTS-211"} created with settings MongoClientSettings{readPreference=primary, writeConcern=WriteConcern{w=null, wTimeout=null ms, journal=null}, retryWrites=true, retryReads=true, readConcern=ReadConcern{level=null}, credential=null, transportSettings=null, commandListeners=[], codecRegistry=ProvidersCodecRegistry{codecProviders=[ValueCodecProvider{}, BsonValueCodecProvider{}, DBRefCodecProvider{}, DBObjectCodecProvider{}, DocumentCodecProvider{}, CollectionCodecProvider{}, IterableCodecProvider{}, MapCodecProvider{}, GeoJsonCodecProvider{}, GridFSFileCodecProvider{}, Jsr310CodecProvider{}, JsonObjectCodecProvider{}, BsonCodecProvider{}, EnumCodecProvider{}, com.mongodb.client.model.mql.ExpressionCodecProvider@45ad705a, com.mongodb.Jep395RecordCodecProvider@5b1d5ab5, com.mongodb.KotlinCodecProvider@f8f8c8c]}, loggerSettings=LoggerSettings{maxDocumentLength=1000}, clusterSettings={hosts=[localhost:27017], srvServiceName=mongodb, mode=SINGLE, requiredClusterType=UNKNOWN, requiredReplicaSetName='null', serverSelector='null', clusterListeners='[]', serverSelectionTimeout='30000 ms', localThreshold='15 ms'}, socketSettings=SocketSettings{connectTimeoutMS=10000, readTimeoutMS=0, receiveBufferSize=0, proxySettings=ProxySettings{host=null, port=null, username=null, password=null}}, heartbeatSocketSettings=SocketSettings{connectTimeoutMS=10000, readTimeoutMS=10000, receiveBufferSize=0, proxySettings=ProxySettings{host=null, port=null, username=null, password=null}}, connectionPoolSettings=ConnectionPoolSettings{maxSize=100, minSize=0, maxWaitTimeMS=120000, maxConnectionLifeTimeMS=0, maxConnectionIdleTimeMS=0, maintenanceInitialDelayMS=0, maintenanceFrequencyMS=60000, connectionPoolListeners=[], maxConnecting=2}, serverSettings=ServerSettings{heartbeatFrequencyMS=10000, minHeartbeatFrequencyMS=500, serverListeners='[]', serverMonitorListeners='[]'}, sslSettings=SslSettings{enabled=false, invalidHostNameAllowed=false, context=null}, applicationName='null', compressorList=[], uuidRepresentation=JAVA_LEGACY, serverApi=null, autoEncryptionSettings=null, dnsClient=null, inetAddressResolver=null, contextProvider=null}
2024-56-14 02-56-22 [cluster-ClusterId{value='6692f0fead46971c006ab1f0', description='null'}-localhost:27017] INFO   - Monitor thread successfully connected to server with description ServerDescription{address=localhost:27017, type=STANDALONE, state=CONNECTED, ok=true, minWireVersion=0, maxWireVersion=21, maxDocumentSize=16777216, logicalSessionTimeoutMinutes=30, roundTripTimeNanos=37816100}
2024-56-14 02-56-22 [restartedMain] WARN   - Unable to start LiveReload server
2024-56-14 02-56-23 [restartedMain] INFO   - Starting ProtocolHandler ["http-nio-10002"]
2024-56-14 02-56-23 [restartedMain] INFO   - Tomcat started on port 10002 (http) with context path '/'
2024-56-14 02-56-23 [restartedMain] INFO   - Started ProductServiceApplication in 5.215 seconds (process running for 6.211)
2024-59-14 02-59-52 [restartedMain] INFO   - Starting ProductServiceApplication using Java 17.0.8 with PID 16236 (D:\ecommerce-app\app\product-service\target\classes started by user in D:\ecommerce-app\app\order-service)
2024-59-14 02-59-52 [restartedMain] INFO   - No active profile set, falling back to 1 default profile: "default"
2024-59-14 02-59-52 [restartedMain] INFO   - Devtools property defaults active! Set 'spring.devtools.add-properties' to 'false' to disable
2024-59-14 02-59-52 [restartedMain] INFO   - For additional web related logging consider setting the 'logging.level.web' property to 'DEBUG'
2024-59-14 02-59-54 [restartedMain] INFO   - Bootstrapping Spring Data MongoDB repositories in DEFAULT mode.
2024-59-14 02-59-54 [restartedMain] INFO   - Finished Spring Data repository scanning in 92 ms. Found 1 MongoDB repository interface.
2024-59-14 02-59-55 [restartedMain] INFO   - Tomcat initialized with port 10002 (http)
2024-59-14 02-59-55 [restartedMain] INFO   - Root WebApplicationContext: initialization completed in 2674 ms
2024-59-14 02-59-56 [restartedMain] INFO   - MongoClient with metadata {"driver": {"name": "mongo-java-driver|sync|spring-boot", "version": "5.0.1"}, "os": {"type": "Windows", "name": "Windows 10", "architecture": "amd64", "version": "10.0"}, "platform": "Java/Oracle Corporation/17.0.8+9-LTS-211"} created with settings MongoClientSettings{readPreference=primary, writeConcern=WriteConcern{w=null, wTimeout=null ms, journal=null}, retryWrites=true, retryReads=true, readConcern=ReadConcern{level=null}, credential=null, transportSettings=null, commandListeners=[], codecRegistry=ProvidersCodecRegistry{codecProviders=[ValueCodecProvider{}, BsonValueCodecProvider{}, DBRefCodecProvider{}, DBObjectCodecProvider{}, DocumentCodecProvider{}, CollectionCodecProvider{}, IterableCodecProvider{}, MapCodecProvider{}, GeoJsonCodecProvider{}, GridFSFileCodecProvider{}, Jsr310CodecProvider{}, JsonObjectCodecProvider{}, BsonCodecProvider{}, EnumCodecProvider{}, com.mongodb.client.model.mql.ExpressionCodecProvider@53341e0, com.mongodb.Jep395RecordCodecProvider@2849cff1, com.mongodb.KotlinCodecProvider@3d8e5265]}, loggerSettings=LoggerSettings{maxDocumentLength=1000}, clusterSettings={hosts=[localhost:27017], srvServiceName=mongodb, mode=SINGLE, requiredClusterType=UNKNOWN, requiredReplicaSetName='null', serverSelector='null', clusterListeners='[]', serverSelectionTimeout='30000 ms', localThreshold='15 ms'}, socketSettings=SocketSettings{connectTimeoutMS=10000, readTimeoutMS=0, receiveBufferSize=0, proxySettings=ProxySettings{host=null, port=null, username=null, password=null}}, heartbeatSocketSettings=SocketSettings{connectTimeoutMS=10000, readTimeoutMS=10000, receiveBufferSize=0, proxySettings=ProxySettings{host=null, port=null, username=null, password=null}}, connectionPoolSettings=ConnectionPoolSettings{maxSize=100, minSize=0, maxWaitTimeMS=120000, maxConnectionLifeTimeMS=0, maxConnectionIdleTimeMS=0, maintenanceInitialDelayMS=0, maintenanceFrequencyMS=60000, connectionPoolListeners=[], maxConnecting=2}, serverSettings=ServerSettings{heartbeatFrequencyMS=10000, minHeartbeatFrequencyMS=500, serverListeners='[]', serverMonitorListeners='[]'}, sslSettings=SslSettings{enabled=false, invalidHostNameAllowed=false, context=null}, applicationName='null', compressorList=[], uuidRepresentation=JAVA_LEGACY, serverApi=null, autoEncryptionSettings=null, dnsClient=null, inetAddressResolver=null, contextProvider=null}
2024-59-14 02-59-56 [cluster-ClusterId{value='6692f1d3ae5bef2c5f3b1e38', description='null'}-localhost:27017] INFO   - Monitor thread successfully connected to server with description ServerDescription{address=localhost:27017, type=STANDALONE, state=CONNECTED, ok=true, minWireVersion=0, maxWireVersion=21, maxDocumentSize=16777216, logicalSessionTimeoutMinutes=30, roundTripTimeNanos=51749700}
2024-59-14 02-59-56 [restartedMain] WARN   - Unable to start LiveReload server
2024-59-14 02-59-57 [restartedMain] INFO   - Tomcat started on port 10002 (http) with context path '/'
2024-59-14 02-59-57 [restartedMain] INFO   - Started ProductServiceApplication in 5.794 seconds (process running for 6.856)
2024-00-14 03-00-01 [restartedMain] INFO   - Starting ProductServiceApplication using Java 17.0.8 with PID 15032 (D:\ecommerce-app\app\product-service\target\classes started by user in D:\ecommerce-app\app\order-service)
2024-00-14 03-00-01 [restartedMain] INFO   - No active profile set, falling back to 1 default profile: "default"
2024-00-14 03-00-02 [restartedMain] INFO   - Devtools property defaults active! Set 'spring.devtools.add-properties' to 'false' to disable
2024-00-14 03-00-02 [restartedMain] INFO   - For additional web related logging consider setting the 'logging.level.web' property to 'DEBUG'
2024-00-14 03-00-03 [restartedMain] INFO   - Bootstrapping Spring Data MongoDB repositories in DEFAULT mode.
2024-00-14 03-00-03 [restartedMain] INFO   - Finished Spring Data repository scanning in 101 ms. Found 1 MongoDB repository interface.
2024-00-14 03-00-04 [restartedMain] INFO   - Tomcat initialized with port 10002 (http)
2024-00-14 03-00-04 [restartedMain] INFO   - Initializing ProtocolHandler ["http-nio-10002"]
2024-00-14 03-00-04 [restartedMain] INFO   - Starting service [Tomcat]
2024-00-14 03-00-04 [restartedMain] INFO   - Starting Servlet engine: [Apache Tomcat/10.1.25]
2024-00-14 03-00-04 [restartedMain] INFO   - Initializing Spring embedded WebApplicationContext
2024-00-14 03-00-04 [restartedMain] INFO   - Root WebApplicationContext: initialization completed in 2902 ms
2024-00-14 03-00-05 [restartedMain] INFO   - MongoClient with metadata {"driver": {"name": "mongo-java-driver|sync|spring-boot", "version": "5.0.1"}, "os": {"type": "Windows", "name": "Windows 10", "architecture": "amd64", "version": "10.0"}, "platform": "Java/Oracle Corporation/17.0.8+9-LTS-211"} created with settings MongoClientSettings{readPreference=primary, writeConcern=WriteConcern{w=null, wTimeout=null ms, journal=null}, retryWrites=true, retryReads=true, readConcern=ReadConcern{level=null}, credential=null, transportSettings=null, commandListeners=[], codecRegistry=ProvidersCodecRegistry{codecProviders=[ValueCodecProvider{}, BsonValueCodecProvider{}, DBRefCodecProvider{}, DBObjectCodecProvider{}, DocumentCodecProvider{}, CollectionCodecProvider{}, IterableCodecProvider{}, MapCodecProvider{}, GeoJsonCodecProvider{}, GridFSFileCodecProvider{}, Jsr310CodecProvider{}, JsonObjectCodecProvider{}, BsonCodecProvider{}, EnumCodecProvider{}, com.mongodb.client.model.mql.ExpressionCodecProvider@47e00a87, com.mongodb.Jep395RecordCodecProvider@69482b88, com.mongodb.KotlinCodecProvider@5bb5a820]}, loggerSettings=LoggerSettings{maxDocumentLength=1000}, clusterSettings={hosts=[localhost:27017], srvServiceName=mongodb, mode=SINGLE, requiredClusterType=UNKNOWN, requiredReplicaSetName='null', serverSelector='null', clusterListeners='[]', serverSelectionTimeout='30000 ms', localThreshold='15 ms'}, socketSettings=SocketSettings{connectTimeoutMS=10000, readTimeoutMS=0, receiveBufferSize=0, proxySettings=ProxySettings{host=null, port=null, username=null, password=null}}, heartbeatSocketSettings=SocketSettings{connectTimeoutMS=10000, readTimeoutMS=10000, receiveBufferSize=0, proxySettings=ProxySettings{host=null, port=null, username=null, password=null}}, connectionPoolSettings=ConnectionPoolSettings{maxSize=100, minSize=0, maxWaitTimeMS=120000, maxConnectionLifeTimeMS=0, maxConnectionIdleTimeMS=0, maintenanceInitialDelayMS=0, maintenanceFrequencyMS=60000, connectionPoolListeners=[], maxConnecting=2}, serverSettings=ServerSettings{heartbeatFrequencyMS=10000, minHeartbeatFrequencyMS=500, serverListeners='[]', serverMonitorListeners='[]'}, sslSettings=SslSettings{enabled=false, invalidHostNameAllowed=false, context=null}, applicationName='null', compressorList=[], uuidRepresentation=JAVA_LEGACY, serverApi=null, autoEncryptionSettings=null, dnsClient=null, inetAddressResolver=null, contextProvider=null}
2024-00-14 03-00-05 [cluster-ClusterId{value='6692f1dd8592910aef161c5d', description='null'}-localhost:27017] INFO   - Monitor thread successfully connected to server with description ServerDescription{address=localhost:27017, type=STANDALONE, state=CONNECTED, ok=true, minWireVersion=0, maxWireVersion=21, maxDocumentSize=16777216, logicalSessionTimeoutMinutes=30, roundTripTimeNanos=36400800}
2024-00-14 03-00-05 [restartedMain] WARN   - Unable to start LiveReload server
2024-00-14 03-00-06 [restartedMain] INFO   - Starting ProtocolHandler ["http-nio-10002"]
2024-00-14 03-00-06 [restartedMain] INFO   - Tomcat started on port 10002 (http) with context path '/'
2024-00-14 03-00-06 [restartedMain] INFO   - Started ProductServiceApplication in 5.714 seconds (process running for 6.776)
2024-00-14 03-00-58 [restartedMain] INFO   - Starting ProductServiceApplication using Java 17.0.8 with PID 4776 (D:\ecommerce-app\app\product-service\target\classes started by user in D:\ecommerce-app\app\order-service)
2024-00-14 03-00-58 [restartedMain] INFO   - No active profile set, falling back to 1 default profile: "default"
2024-00-14 03-00-58 [restartedMain] INFO   - Devtools property defaults active! Set 'spring.devtools.add-properties' to 'false' to disable
2024-00-14 03-00-58 [restartedMain] INFO   - For additional web related logging consider setting the 'logging.level.web' property to 'DEBUG'
2024-00-14 03-00-59 [restartedMain] INFO   - Bootstrapping Spring Data MongoDB repositories in DEFAULT mode.
2024-00-14 03-00-59 [restartedMain] INFO   - Finished Spring Data repository scanning in 91 ms. Found 1 MongoDB repository interface.
2024-01-14 03-01-00 [restartedMain] INFO   - Tomcat initialized with port 10002 (http)
2024-01-14 03-01-00 [restartedMain] INFO   - Initializing ProtocolHandler ["http-nio-10002"]
2024-01-14 03-01-00 [restartedMain] INFO   - Starting service [Tomcat]
2024-01-14 03-01-00 [restartedMain] INFO   - Starting Servlet engine: [Apache Tomcat/10.1.25]
2024-01-14 03-01-00 [restartedMain] INFO   - Initializing Spring embedded WebApplicationContext
2024-01-14 03-01-00 [restartedMain] INFO   - Root WebApplicationContext: initialization completed in 2613 ms
2024-01-14 03-01-01 [restartedMain] INFO   - MongoClient with metadata {"driver": {"name": "mongo-java-driver|sync|spring-boot", "version": "5.0.1"}, "os": {"type": "Windows", "name": "Windows 10", "architecture": "amd64", "version": "10.0"}, "platform": "Java/Oracle Corporation/17.0.8+9-LTS-211"} created with settings MongoClientSettings{readPreference=primary, writeConcern=WriteConcern{w=null, wTimeout=null ms, journal=null}, retryWrites=true, retryReads=true, readConcern=ReadConcern{level=null}, credential=null, transportSettings=null, commandListeners=[], codecRegistry=ProvidersCodecRegistry{codecProviders=[ValueCodecProvider{}, BsonValueCodecProvider{}, DBRefCodecProvider{}, DBObjectCodecProvider{}, DocumentCodecProvider{}, CollectionCodecProvider{}, IterableCodecProvider{}, MapCodecProvider{}, GeoJsonCodecProvider{}, GridFSFileCodecProvider{}, Jsr310CodecProvider{}, JsonObjectCodecProvider{}, BsonCodecProvider{}, EnumCodecProvider{}, com.mongodb.client.model.mql.ExpressionCodecProvider@322c1f3b, com.mongodb.Jep395RecordCodecProvider@6a81421f, com.mongodb.KotlinCodecProvider@10770c2b]}, loggerSettings=LoggerSettings{maxDocumentLength=1000}, clusterSettings={hosts=[localhost:27017], srvServiceName=mongodb, mode=SINGLE, requiredClusterType=UNKNOWN, requiredReplicaSetName='null', serverSelector='null', clusterListeners='[]', serverSelectionTimeout='30000 ms', localThreshold='15 ms'}, socketSettings=SocketSettings{connectTimeoutMS=10000, readTimeoutMS=0, receiveBufferSize=0, proxySettings=ProxySettings{host=null, port=null, username=null, password=null}}, heartbeatSocketSettings=SocketSettings{connectTimeoutMS=10000, readTimeoutMS=10000, receiveBufferSize=0, proxySettings=ProxySettings{host=null, port=null, username=null, password=null}}, connectionPoolSettings=ConnectionPoolSettings{maxSize=100, minSize=0, maxWaitTimeMS=120000, maxConnectionLifeTimeMS=0, maxConnectionIdleTimeMS=0, maintenanceInitialDelayMS=0, maintenanceFrequencyMS=60000, connectionPoolListeners=[], maxConnecting=2}, serverSettings=ServerSettings{heartbeatFrequencyMS=10000, minHeartbeatFrequencyMS=500, serverListeners='[]', serverMonitorListeners='[]'}, sslSettings=SslSettings{enabled=false, invalidHostNameAllowed=false, context=null}, applicationName='null', compressorList=[], uuidRepresentation=JAVA_LEGACY, serverApi=null, autoEncryptionSettings=null, dnsClient=null, inetAddressResolver=null, contextProvider=null}
2024-01-14 03-01-01 [cluster-ClusterId{value='6692f2156ec0be3c45f23f16', description='null'}-localhost:27017] INFO   - Monitor thread successfully connected to server with description ServerDescription{address=localhost:27017, type=STANDALONE, state=CONNECTED, ok=true, minWireVersion=0, maxWireVersion=21, maxDocumentSize=16777216, logicalSessionTimeoutMinutes=30, roundTripTimeNanos=37530500}
2024-01-14 03-01-01 [restartedMain] WARN   - Unable to start LiveReload server
2024-01-14 03-01-02 [restartedMain] INFO   - Starting ProtocolHandler ["http-nio-10002"]
2024-01-14 03-01-02 [restartedMain] INFO   - Tomcat started on port 10002 (http) with context path '/'
2024-01-14 03-01-02 [restartedMain] INFO   - Started ProductServiceApplication in 5.175 seconds (process running for 6.129)
2024-02-14 03-02-36 [restartedMain] INFO   - Starting ProductServiceApplication using Java 17.0.8 with PID 16692 (D:\ecommerce-app\app\product-service\target\classes started by user in D:\ecommerce-app\app\order-service)
2024-02-14 03-02-36 [restartedMain] INFO   - No active profile set, falling back to 1 default profile: "default"
2024-02-14 03-02-36 [restartedMain] INFO   - Devtools property defaults active! Set 'spring.devtools.add-properties' to 'false' to disable
2024-02-14 03-02-36 [restartedMain] INFO   - For additional web related logging consider setting the 'logging.level.web' property to 'DEBUG'
2024-02-14 03-02-37 [restartedMain] INFO   - Bootstrapping Spring Data MongoDB repositories in DEFAULT mode.
2024-02-14 03-02-38 [restartedMain] INFO   - Finished Spring Data repository scanning in 87 ms. Found 1 MongoDB repository interface.
2024-02-14 03-02-39 [restartedMain] INFO   - Tomcat initialized with port 10002 (http)
2024-02-14 03-02-39 [restartedMain] INFO   - Initializing ProtocolHandler ["http-nio-10002"]
2024-02-14 03-02-39 [restartedMain] INFO   - Starting service [Tomcat]
2024-02-14 03-02-39 [restartedMain] INFO   - Starting Servlet engine: [Apache Tomcat/10.1.25]
2024-02-14 03-02-39 [restartedMain] INFO   - Initializing Spring embedded WebApplicationContext
2024-02-14 03-02-39 [restartedMain] INFO   - Root WebApplicationContext: initialization completed in 2618 ms
2024-02-14 03-02-39 [restartedMain] INFO   - MongoClient with metadata {"driver": {"name": "mongo-java-driver|sync|spring-boot", "version": "5.0.1"}, "os": {"type": "Windows", "name": "Windows 10", "architecture": "amd64", "version": "10.0"}, "platform": "Java/Oracle Corporation/17.0.8+9-LTS-211"} created with settings MongoClientSettings{readPreference=primary, writeConcern=WriteConcern{w=null, wTimeout=null ms, journal=null}, retryWrites=true, retryReads=true, readConcern=ReadConcern{level=null}, credential=null, transportSettings=null, commandListeners=[], codecRegistry=ProvidersCodecRegistry{codecProviders=[ValueCodecProvider{}, BsonValueCodecProvider{}, DBRefCodecProvider{}, DBObjectCodecProvider{}, DocumentCodecProvider{}, CollectionCodecProvider{}, IterableCodecProvider{}, MapCodecProvider{}, GeoJsonCodecProvider{}, GridFSFileCodecProvider{}, Jsr310CodecProvider{}, JsonObjectCodecProvider{}, BsonCodecProvider{}, EnumCodecProvider{}, com.mongodb.client.model.mql.ExpressionCodecProvider@3576ee2c, com.mongodb.Jep395RecordCodecProvider@71f8a537, com.mongodb.KotlinCodecProvider@5092cd2f]}, loggerSettings=LoggerSettings{maxDocumentLength=1000}, clusterSettings={hosts=[localhost:27017], srvServiceName=mongodb, mode=SINGLE, requiredClusterType=UNKNOWN, requiredReplicaSetName='null', serverSelector='null', clusterListeners='[]', serverSelectionTimeout='30000 ms', localThreshold='15 ms'}, socketSettings=SocketSettings{connectTimeoutMS=10000, readTimeoutMS=0, receiveBufferSize=0, proxySettings=ProxySettings{host=null, port=null, username=null, password=null}}, heartbeatSocketSettings=SocketSettings{connectTimeoutMS=10000, readTimeoutMS=10000, receiveBufferSize=0, proxySettings=ProxySettings{host=null, port=null, username=null, password=null}}, connectionPoolSettings=ConnectionPoolSettings{maxSize=100, minSize=0, maxWaitTimeMS=120000, maxConnectionLifeTimeMS=0, maxConnectionIdleTimeMS=0, maintenanceInitialDelayMS=0, maintenanceFrequencyMS=60000, connectionPoolListeners=[], maxConnecting=2}, serverSettings=ServerSettings{heartbeatFrequencyMS=10000, minHeartbeatFrequencyMS=500, serverListeners='[]', serverMonitorListeners='[]'}, sslSettings=SslSettings{enabled=false, invalidHostNameAllowed=false, context=null}, applicationName='null', compressorList=[], uuidRepresentation=JAVA_LEGACY, serverApi=null, autoEncryptionSettings=null, dnsClient=null, inetAddressResolver=null, contextProvider=null}
2024-02-14 03-02-39 [cluster-ClusterId{value='6692f277cf3aca20ebe7daa2', description='null'}-localhost:27017] INFO   - Monitor thread successfully connected to server with description ServerDescription{address=localhost:27017, type=STANDALONE, state=CONNECTED, ok=true, minWireVersion=0, maxWireVersion=21, maxDocumentSize=16777216, logicalSessionTimeoutMinutes=30, roundTripTimeNanos=40403700}
2024-02-14 03-02-39 [restartedMain] WARN   - Unable to start LiveReload server
2024-02-14 03-02-40 [restartedMain] INFO   - Starting ProtocolHandler ["http-nio-10002"]
2024-02-14 03-02-40 [restartedMain] INFO   - Tomcat started on port 10002 (http) with context path '/'
2024-02-14 03-02-40 [restartedMain] INFO   - Started ProductServiceApplication in 5.111 seconds (process running for 6.1)
2024-04-14 03-04-10 [restartedMain] INFO   - Starting ProductServiceApplication using Java 17.0.8 with PID 6984 (D:\ecommerce-app\app\product-service\target\classes started by user in D:\ecommerce-app\app\order-service)
2024-04-14 03-04-10 [restartedMain] INFO   - No active profile set, falling back to 1 default profile: "default"
2024-04-14 03-04-10 [restartedMain] INFO   - Devtools property defaults active! Set 'spring.devtools.add-properties' to 'false' to disable
2024-04-14 03-04-10 [restartedMain] INFO   - For additional web related logging consider setting the 'logging.level.web' property to 'DEBUG'
2024-04-14 03-04-12 [restartedMain] INFO   - Bootstrapping Spring Data MongoDB repositories in DEFAULT mode.
2024-04-14 03-04-12 [restartedMain] INFO   - Finished Spring Data repository scanning in 105 ms. Found 1 MongoDB repository interface.
2024-04-14 03-04-13 [restartedMain] INFO   - Tomcat initialized with port 10002 (http)
2024-04-14 03-04-13 [restartedMain] INFO   - Initializing ProtocolHandler ["http-nio-10002"]
2024-04-14 03-04-13 [restartedMain] INFO   - Starting service [Tomcat]
2024-04-14 03-04-13 [restartedMain] INFO   - Starting Servlet engine: [Apache Tomcat/10.1.25]
2024-04-14 03-04-13 [restartedMain] INFO   - Initializing Spring embedded WebApplicationContext
2024-04-14 03-04-13 [restartedMain] INFO   - Root WebApplicationContext: initialization completed in 3073 ms
2024-04-14 03-04-14 [restartedMain] INFO   - MongoClient with metadata {"driver": {"name": "mongo-java-driver|sync|spring-boot", "version": "5.0.1"}, "os": {"type": "Windows", "name": "Windows 10", "architecture": "amd64", "version": "10.0"}, "platform": "Java/Oracle Corporation/17.0.8+9-LTS-211"} created with settings MongoClientSettings{readPreference=primary, writeConcern=WriteConcern{w=null, wTimeout=null ms, journal=null}, retryWrites=true, retryReads=true, readConcern=ReadConcern{level=null}, credential=null, transportSettings=null, commandListeners=[], codecRegistry=ProvidersCodecRegistry{codecProviders=[ValueCodecProvider{}, BsonValueCodecProvider{}, DBRefCodecProvider{}, DBObjectCodecProvider{}, DocumentCodecProvider{}, CollectionCodecProvider{}, IterableCodecProvider{}, MapCodecProvider{}, GeoJsonCodecProvider{}, GridFSFileCodecProvider{}, Jsr310CodecProvider{}, JsonObjectCodecProvider{}, BsonCodecProvider{}, EnumCodecProvider{}, com.mongodb.client.model.mql.ExpressionCodecProvider@1684860a, com.mongodb.Jep395RecordCodecProvider@1d13172f, com.mongodb.KotlinCodecProvider@6620e61c]}, loggerSettings=LoggerSettings{maxDocumentLength=1000}, clusterSettings={hosts=[localhost:27017], srvServiceName=mongodb, mode=SINGLE, requiredClusterType=UNKNOWN, requiredReplicaSetName='null', serverSelector='null', clusterListeners='[]', serverSelectionTimeout='30000 ms', localThreshold='15 ms'}, socketSettings=SocketSettings{connectTimeoutMS=10000, readTimeoutMS=0, receiveBufferSize=0, proxySettings=ProxySettings{host=null, port=null, username=null, password=null}}, heartbeatSocketSettings=SocketSettings{connectTimeoutMS=10000, readTimeoutMS=10000, receiveBufferSize=0, proxySettings=ProxySettings{host=null, port=null, username=null, password=null}}, connectionPoolSettings=ConnectionPoolSettings{maxSize=100, minSize=0, maxWaitTimeMS=120000, maxConnectionLifeTimeMS=0, maxConnectionIdleTimeMS=0, maintenanceInitialDelayMS=0, maintenanceFrequencyMS=60000, connectionPoolListeners=[], maxConnecting=2}, serverSettings=ServerSettings{heartbeatFrequencyMS=10000, minHeartbeatFrequencyMS=500, serverListeners='[]', serverMonitorListeners='[]'}, sslSettings=SslSettings{enabled=false, invalidHostNameAllowed=false, context=null}, applicationName='null', compressorList=[], uuidRepresentation=JAVA_LEGACY, serverApi=null, autoEncryptionSettings=null, dnsClient=null, inetAddressResolver=null, contextProvider=null}
2024-04-14 03-04-14 [cluster-ClusterId{value='6692f2d66b3ef01390f73fd9', description='null'}-localhost:27017] INFO   - Monitor thread successfully connected to server with description ServerDescription{address=localhost:27017, type=STANDALONE, state=CONNECTED, ok=true, minWireVersion=0, maxWireVersion=21, maxDocumentSize=16777216, logicalSessionTimeoutMinutes=30, roundTripTimeNanos=35580400}
2024-04-14 03-04-14 [restartedMain] INFO   - LiveReload server is running on port 35729
2024-04-14 03-04-16 [restartedMain] INFO   - Starting ProtocolHandler ["http-nio-10002"]
2024-04-14 03-04-16 [restartedMain] INFO   - Tomcat started on port 10002 (http) with context path '/'
2024-04-14 03-04-16 [restartedMain] INFO   - Started ProductServiceApplication in 6.067 seconds (process running for 7.091)
2024-22-14 18-22-18 [restartedMain] INFO   - Starting ProductServiceApplication using Java 17.0.8 with PID 17168 (D:\ecommerce-app\app\product-service\target\classes started by user in D:\ecommerce-app\app\order-service)
2024-22-14 18-22-18 [restartedMain] INFO   - No active profile set, falling back to 1 default profile: "default"
2024-22-14 18-22-18 [restartedMain] INFO   - Devtools property defaults active! Set 'spring.devtools.add-properties' to 'false' to disable
2024-22-14 18-22-18 [restartedMain] INFO   - For additional web related logging consider setting the 'logging.level.web' property to 'DEBUG'
2024-22-14 18-22-19 [restartedMain] INFO   - Bootstrapping Spring Data MongoDB repositories in DEFAULT mode.
2024-22-14 18-22-20 [restartedMain] INFO   - Finished Spring Data repository scanning in 99 ms. Found 1 MongoDB repository interface.
2024-22-14 18-22-20 [restartedMain] INFO   - Tomcat initialized with port 10002 (http)
2024-22-14 18-22-20 [restartedMain] INFO   - Initializing ProtocolHandler ["http-nio-10002"]
2024-22-14 18-22-20 [restartedMain] INFO   - Starting service [Tomcat]
2024-22-14 18-22-20 [restartedMain] INFO   - Starting Servlet engine: [Apache Tomcat/10.1.25]
2024-22-14 18-22-21 [restartedMain] INFO   - Initializing Spring embedded WebApplicationContext
2024-22-14 18-22-21 [restartedMain] INFO   - Root WebApplicationContext: initialization completed in 2851 ms
2024-22-14 18-22-21 [restartedMain] INFO   - MongoClient with metadata {"driver": {"name": "mongo-java-driver|sync|spring-boot", "version": "5.0.1"}, "os": {"type": "Windows", "name": "Windows 10", "architecture": "amd64", "version": "10.0"}, "platform": "Java/Oracle Corporation/17.0.8+9-LTS-211"} created with settings MongoClientSettings{readPreference=primary, writeConcern=WriteConcern{w=null, wTimeout=null ms, journal=null}, retryWrites=true, retryReads=true, readConcern=ReadConcern{level=null}, credential=null, transportSettings=null, commandListeners=[], codecRegistry=ProvidersCodecRegistry{codecProviders=[ValueCodecProvider{}, BsonValueCodecProvider{}, DBRefCodecProvider{}, DBObjectCodecProvider{}, DocumentCodecProvider{}, CollectionCodecProvider{}, IterableCodecProvider{}, MapCodecProvider{}, GeoJsonCodecProvider{}, GridFSFileCodecProvider{}, Jsr310CodecProvider{}, JsonObjectCodecProvider{}, BsonCodecProvider{}, EnumCodecProvider{}, com.mongodb.client.model.mql.ExpressionCodecProvider@5206e57e, com.mongodb.Jep395RecordCodecProvider@355ac956, com.mongodb.KotlinCodecProvider@1fadb4de]}, loggerSettings=LoggerSettings{maxDocumentLength=1000}, clusterSettings={hosts=[localhost:27017], srvServiceName=mongodb, mode=SINGLE, requiredClusterType=UNKNOWN, requiredReplicaSetName='null', serverSelector='null', clusterListeners='[]', serverSelectionTimeout='30000 ms', localThreshold='15 ms'}, socketSettings=SocketSettings{connectTimeoutMS=10000, readTimeoutMS=0, receiveBufferSize=0, proxySettings=ProxySettings{host=null, port=null, username=null, password=null}}, heartbeatSocketSettings=SocketSettings{connectTimeoutMS=10000, readTimeoutMS=10000, receiveBufferSize=0, proxySettings=ProxySettings{host=null, port=null, username=null, password=null}}, connectionPoolSettings=ConnectionPoolSettings{maxSize=100, minSize=0, maxWaitTimeMS=120000, maxConnectionLifeTimeMS=0, maxConnectionIdleTimeMS=0, maintenanceInitialDelayMS=0, maintenanceFrequencyMS=60000, connectionPoolListeners=[], maxConnecting=2}, serverSettings=ServerSettings{heartbeatFrequencyMS=10000, minHeartbeatFrequencyMS=500, serverListeners='[]', serverMonitorListeners='[]'}, sslSettings=SslSettings{enabled=false, invalidHostNameAllowed=false, context=null}, applicationName='null', compressorList=[], uuidRepresentation=JAVA_LEGACY, serverApi=null, autoEncryptionSettings=null, dnsClient=null, inetAddressResolver=null, contextProvider=null}
2024-22-14 18-22-21 [cluster-ClusterId{value='6693ca05d7871a6acb872203', description='null'}-localhost:27017] INFO   - Monitor thread successfully connected to server with description ServerDescription{address=localhost:27017, type=STANDALONE, state=CONNECTED, ok=true, minWireVersion=0, maxWireVersion=21, maxDocumentSize=16777216, logicalSessionTimeoutMinutes=30, roundTripTimeNanos=56126300}
2024-22-14 18-22-21 [restartedMain] WARN   - Unable to start LiveReload server
2024-22-14 18-22-22 [restartedMain] INFO   - Starting ProtocolHandler ["http-nio-10002"]
2024-22-14 18-22-22 [restartedMain] INFO   - Tomcat started on port 10002 (http) with context path '/'
2024-22-14 18-22-22 [restartedMain] INFO   - Started ProductServiceApplication in 5.516 seconds (process running for 7.025)
2024-24-14 18-24-28 [http-nio-10002-exec-1] INFO   - Initializing Spring DispatcherServlet 'dispatcherServlet'
2024-24-14 18-24-28 [http-nio-10002-exec-1] INFO   - Initializing Servlet 'dispatcherServlet'
2024-24-14 18-24-28 [http-nio-10002-exec-1] INFO   - Completed initialization in 3 ms
2024-24-14 18-24-28 [http-nio-10002-exec-1] INFO   - request received for fetching product details wit id :668a8a6f8ff10d4dc7cdce0
2024-24-14 18-24-29 [http-nio-10002-exec-1] WARN   - Resolved [com.ecom.productservice.exception.ResourceNotFoundException: No Product avaiable with Productid668a8a6f8ff10d4dc7cdce0]
