2024-38-14 06-38-15 [background-preinit] INFO  - HV000001: Hibernate Validator 8.0.1.Final
2024-38-14 06-38-15 [restartedMain] INFO  - Devtools property defaults active! Set 'spring.devtools.add-properties' to 'false' to disable
2024-38-14 06-38-15 [restartedMain] INFO  - For additional web related logging consider setting the 'logging.level.web' property to 'DEBUG'
2024-38-14 06-38-17 [restartedMain] INFO  - Bootstrapping Spring Data MongoDB repositories in DEFAULT mode.
2024-38-14 06-38-17 [restartedMain] INFO  - Finished Spring Data repository scanning in 86 ms. Found 1 MongoDB repository interface.
2024-38-14 06-38-18 [restartedMain] INFO  - Tomcat initialized with port 10003 (http)
2024-38-14 06-38-18 [restartedMain] INFO  - Initializing ProtocolHandler ["http-nio-10003"]
2024-38-14 06-38-18 [restartedMain] INFO  - Starting service [Tomcat]
2024-38-14 06-38-18 [restartedMain] INFO  - Starting Servlet engine: [Apache Tomcat/10.1.25]
2024-38-14 06-38-18 [restartedMain] INFO  - Initializing Spring embedded WebApplicationContext
2024-38-14 06-38-18 [restartedMain] INFO  - Root WebApplicationContext: initialization completed in 2737 ms
2024-38-14 06-38-19 [restartedMain] INFO  - MongoClient with metadata {"driver": {"name": "mongo-java-driver|sync|spring-boot", "version": "5.0.1"}, "os": {"type": "Windows", "name": "Windows 10", "architecture": "amd64", "version": "10.0"}, "platform": "Java/Oracle Corporation/17.0.8+9-LTS-211"} created with settings MongoClientSettings{readPreference=primary, writeConcern=WriteConcern{w=null, wTimeout=null ms, journal=null}, retryWrites=true, retryReads=true, readConcern=ReadConcern{level=null}, credential=null, transportSettings=null, commandListeners=[], codecRegistry=ProvidersCodecRegistry{codecProviders=[ValueCodecProvider{}, BsonValueCodecProvider{}, DBRefCodecProvider{}, DBObjectCodecProvider{}, DocumentCodecProvider{}, CollectionCodecProvider{}, IterableCodecProvider{}, MapCodecProvider{}, GeoJsonCodecProvider{}, GridFSFileCodecProvider{}, Jsr310CodecProvider{}, JsonObjectCodecProvider{}, BsonCodecProvider{}, EnumCodecProvider{}, com.mongodb.client.model.mql.ExpressionCodecProvider@62fc88c9, com.mongodb.Jep395RecordCodecProvider@7e67f1bb, com.mongodb.KotlinCodecProvider@4cb1fc06]}, loggerSettings=LoggerSettings{maxDocumentLength=1000}, clusterSettings={hosts=[localhost:27017], srvServiceName=mongodb, mode=SINGLE, requiredClusterType=UNKNOWN, requiredReplicaSetName='null', serverSelector='null', clusterListeners='[]', serverSelectionTimeout='30000 ms', localThreshold='15 ms'}, socketSettings=SocketSettings{connectTimeoutMS=10000, readTimeoutMS=0, receiveBufferSize=0, proxySettings=ProxySettings{host=null, port=null, username=null, password=null}}, heartbeatSocketSettings=SocketSettings{connectTimeoutMS=10000, readTimeoutMS=10000, receiveBufferSize=0, proxySettings=ProxySettings{host=null, port=null, username=null, password=null}}, connectionPoolSettings=ConnectionPoolSettings{maxSize=100, minSize=0, maxWaitTimeMS=120000, maxConnectionLifeTimeMS=0, maxConnectionIdleTimeMS=0, maintenanceInitialDelayMS=0, maintenanceFrequencyMS=60000, connectionPoolListeners=[], maxConnecting=2}, serverSettings=ServerSettings{heartbeatFrequencyMS=10000, minHeartbeatFrequencyMS=500, serverListeners='[]', serverMonitorListeners='[]'}, sslSettings=SslSettings{enabled=false, invalidHostNameAllowed=false, context=null}, applicationName='null', compressorList=[], uuidRepresentation=JAVA_LEGACY, serverApi=null, autoEncryptionSettings=null, dnsClient=null, inetAddressResolver=null, contextProvider=null}
2024-38-14 06-38-19 [cluster-ClusterId{value='6693cdc24022056c95b82444', description='null'}-localhost:27017] INFO  - Monitor thread successfully connected to server with description ServerDescription{address=localhost:27017, type=STANDALONE, state=CONNECTED, ok=true, minWireVersion=0, maxWireVersion=21, maxDocumentSize=16777216, logicalSessionTimeoutMinutes=30, roundTripTimeNanos=52266400}
2024-38-14 06-38-19 [restartedMain] WARN  - Unable to start LiveReload server
2024-38-14 06-38-20 [restartedMain] INFO  - Starting ProtocolHandler ["http-nio-10003"]
2024-38-14 06-38-20 [restartedMain] INFO  - Tomcat started on port 10003 (http) with context path '/'
2024-38-14 06-38-28 [http-nio-10003-exec-1] INFO  - Initializing Spring DispatcherServlet 'dispatcherServlet'
2024-38-14 06-38-28 [http-nio-10003-exec-1] INFO  - Initializing Servlet 'dispatcherServlet'
2024-38-14 06-38-28 [http-nio-10003-exec-1] INFO  - Completed initialization in 3 ms
2024-42-14 06-42-04 [background-preinit] INFO  - HV000001: Hibernate Validator 8.0.1.Final
2024-42-14 06-42-04 [restartedMain] INFO  - Devtools property defaults active! Set 'spring.devtools.add-properties' to 'false' to disable
2024-42-14 06-42-04 [restartedMain] INFO  - For additional web related logging consider setting the 'logging.level.web' property to 'DEBUG'
2024-42-14 06-42-07 [restartedMain] INFO  - Bootstrapping Spring Data MongoDB repositories in DEFAULT mode.
2024-42-14 06-42-07 [restartedMain] INFO  - Finished Spring Data repository scanning in 140 ms. Found 1 MongoDB repository interface.
2024-42-14 06-42-08 [restartedMain] INFO  - Tomcat initialized with port 10003 (http)
2024-42-14 06-42-08 [restartedMain] INFO  - Initializing ProtocolHandler ["http-nio-10003"]
2024-42-14 06-42-08 [restartedMain] INFO  - Starting service [Tomcat]
2024-42-14 06-42-08 [restartedMain] INFO  - Starting Servlet engine: [Apache Tomcat/10.1.25]
2024-42-14 06-42-09 [restartedMain] INFO  - Initializing Spring embedded WebApplicationContext
2024-42-14 06-42-09 [restartedMain] INFO  - Root WebApplicationContext: initialization completed in 4624 ms
2024-42-14 06-42-09 [restartedMain] INFO  - MongoClient with metadata {"driver": {"name": "mongo-java-driver|sync|spring-boot", "version": "5.0.1"}, "os": {"type": "Windows", "name": "Windows 10", "architecture": "amd64", "version": "10.0"}, "platform": "Java/Oracle Corporation/17.0.8+9-LTS-211"} created with settings MongoClientSettings{readPreference=primary, writeConcern=WriteConcern{w=null, wTimeout=null ms, journal=null}, retryWrites=true, retryReads=true, readConcern=ReadConcern{level=null}, credential=null, transportSettings=null, commandListeners=[], codecRegistry=ProvidersCodecRegistry{codecProviders=[ValueCodecProvider{}, BsonValueCodecProvider{}, DBRefCodecProvider{}, DBObjectCodecProvider{}, DocumentCodecProvider{}, CollectionCodecProvider{}, IterableCodecProvider{}, MapCodecProvider{}, GeoJsonCodecProvider{}, GridFSFileCodecProvider{}, Jsr310CodecProvider{}, JsonObjectCodecProvider{}, BsonCodecProvider{}, EnumCodecProvider{}, com.mongodb.client.model.mql.ExpressionCodecProvider@3ccc5985, com.mongodb.Jep395RecordCodecProvider@3ac63c96, com.mongodb.KotlinCodecProvider@1977e86]}, loggerSettings=LoggerSettings{maxDocumentLength=1000}, clusterSettings={hosts=[localhost:27017], srvServiceName=mongodb, mode=SINGLE, requiredClusterType=UNKNOWN, requiredReplicaSetName='null', serverSelector='null', clusterListeners='[]', serverSelectionTimeout='30000 ms', localThreshold='15 ms'}, socketSettings=SocketSettings{connectTimeoutMS=10000, readTimeoutMS=0, receiveBufferSize=0, proxySettings=ProxySettings{host=null, port=null, username=null, password=null}}, heartbeatSocketSettings=SocketSettings{connectTimeoutMS=10000, readTimeoutMS=10000, receiveBufferSize=0, proxySettings=ProxySettings{host=null, port=null, username=null, password=null}}, connectionPoolSettings=ConnectionPoolSettings{maxSize=100, minSize=0, maxWaitTimeMS=120000, maxConnectionLifeTimeMS=0, maxConnectionIdleTimeMS=0, maintenanceInitialDelayMS=0, maintenanceFrequencyMS=60000, connectionPoolListeners=[], maxConnecting=2}, serverSettings=ServerSettings{heartbeatFrequencyMS=10000, minHeartbeatFrequencyMS=500, serverListeners='[]', serverMonitorListeners='[]'}, sslSettings=SslSettings{enabled=false, invalidHostNameAllowed=false, context=null}, applicationName='null', compressorList=[], uuidRepresentation=JAVA_LEGACY, serverApi=null, autoEncryptionSettings=null, dnsClient=null, inetAddressResolver=null, contextProvider=null}
2024-42-14 06-42-10 [cluster-ClusterId{value='6693cea909cfe33132035ae5', description='null'}-localhost:27017] INFO  - Monitor thread successfully connected to server with description ServerDescription{address=localhost:27017, type=STANDALONE, state=CONNECTED, ok=true, minWireVersion=0, maxWireVersion=21, maxDocumentSize=16777216, logicalSessionTimeoutMinutes=30, roundTripTimeNanos=144105600}
2024-42-14 06-42-10 [restartedMain] WARN  - Unable to start LiveReload server
2024-42-14 06-42-12 [restartedMain] INFO  - Starting ProtocolHandler ["http-nio-10003"]
2024-42-14 06-42-12 [restartedMain] INFO  - Tomcat started on port 10003 (http) with context path '/'
2024-42-14 06-42-47 [http-nio-10003-exec-1] INFO  - Initializing Spring DispatcherServlet 'dispatcherServlet'
2024-42-14 06-42-47 [http-nio-10003-exec-1] INFO  - Initializing Servlet 'dispatcherServlet'
2024-42-14 06-42-47 [http-nio-10003-exec-1] INFO  - Completed initialization in 3 ms
2024-42-14 06-42-47 [http-nio-10003-exec-1] WARN  - Resolved [org.springframework.web.bind.MethodArgumentNotValidException: Validation failed for argument [0] in public org.springframework.http.ResponseEntity<java.lang.String> com.ecom.userservice.controller.UserController.addUser(com.ecom.userservice.dto.UserDto): [Field error in object 'userDto' on field 'password': rejected value [Irshad@12323]; codes [Size.userDto.password,Size.password,Size.java.lang.String,Size]; arguments [org.springframework.context.support.DefaultMessageSourceResolvable: codes [userDto.password,password]; arguments []; default message [password],9,6]; default message [password cannot be lass then 6 and more then 9]] ]
2024-52-14 18-52-36 [background-preinit] INFO   - HV000001: Hibernate Validator 8.0.1.Final
2024-52-14 18-52-37 [restartedMain] INFO   - Devtools property defaults active! Set 'spring.devtools.add-properties' to 'false' to disable
2024-52-14 18-52-37 [restartedMain] INFO   - For additional web related logging consider setting the 'logging.level.web' property to 'DEBUG'
2024-52-14 18-52-38 [restartedMain] INFO   - Bootstrapping Spring Data MongoDB repositories in DEFAULT mode.
2024-52-14 18-52-38 [restartedMain] INFO   - Finished Spring Data repository scanning in 97 ms. Found 1 MongoDB repository interface.
2024-52-14 18-52-39 [restartedMain] INFO   - Tomcat initialized with port 10003 (http)
2024-52-14 18-52-39 [restartedMain] INFO   - Initializing ProtocolHandler ["http-nio-10003"]
2024-52-14 18-52-39 [restartedMain] INFO   - Starting service [Tomcat]
2024-52-14 18-52-39 [restartedMain] INFO   - Starting Servlet engine: [Apache Tomcat/10.1.25]
2024-52-14 18-52-39 [restartedMain] INFO   - Initializing Spring embedded WebApplicationContext
2024-52-14 18-52-39 [restartedMain] INFO   - Root WebApplicationContext: initialization completed in 2722 ms
2024-52-14 18-52-40 [restartedMain] INFO   - MongoClient with metadata {"driver": {"name": "mongo-java-driver|sync|spring-boot", "version": "5.0.1"}, "os": {"type": "Windows", "name": "Windows 10", "architecture": "amd64", "version": "10.0"}, "platform": "Java/Oracle Corporation/17.0.8+9-LTS-211"} created with settings MongoClientSettings{readPreference=primary, writeConcern=WriteConcern{w=null, wTimeout=null ms, journal=null}, retryWrites=true, retryReads=true, readConcern=ReadConcern{level=null}, credential=null, transportSettings=null, commandListeners=[], codecRegistry=ProvidersCodecRegistry{codecProviders=[ValueCodecProvider{}, BsonValueCodecProvider{}, DBRefCodecProvider{}, DBObjectCodecProvider{}, DocumentCodecProvider{}, CollectionCodecProvider{}, IterableCodecProvider{}, MapCodecProvider{}, GeoJsonCodecProvider{}, GridFSFileCodecProvider{}, Jsr310CodecProvider{}, JsonObjectCodecProvider{}, BsonCodecProvider{}, EnumCodecProvider{}, com.mongodb.client.model.mql.ExpressionCodecProvider@4eb6e2bc, com.mongodb.Jep395RecordCodecProvider@5b4c5019, com.mongodb.KotlinCodecProvider@77c24b2d]}, loggerSettings=LoggerSettings{maxDocumentLength=1000}, clusterSettings={hosts=[localhost:27017], srvServiceName=mongodb, mode=SINGLE, requiredClusterType=UNKNOWN, requiredReplicaSetName='null', serverSelector='null', clusterListeners='[]', serverSelectionTimeout='30000 ms', localThreshold='15 ms'}, socketSettings=SocketSettings{connectTimeoutMS=10000, readTimeoutMS=0, receiveBufferSize=0, proxySettings=ProxySettings{host=null, port=null, username=null, password=null}}, heartbeatSocketSettings=SocketSettings{connectTimeoutMS=10000, readTimeoutMS=10000, receiveBufferSize=0, proxySettings=ProxySettings{host=null, port=null, username=null, password=null}}, connectionPoolSettings=ConnectionPoolSettings{maxSize=100, minSize=0, maxWaitTimeMS=120000, maxConnectionLifeTimeMS=0, maxConnectionIdleTimeMS=0, maintenanceInitialDelayMS=0, maintenanceFrequencyMS=60000, connectionPoolListeners=[], maxConnecting=2}, serverSettings=ServerSettings{heartbeatFrequencyMS=10000, minHeartbeatFrequencyMS=500, serverListeners='[]', serverMonitorListeners='[]'}, sslSettings=SslSettings{enabled=false, invalidHostNameAllowed=false, context=null}, applicationName='null', compressorList=[], uuidRepresentation=JAVA_LEGACY, serverApi=null, autoEncryptionSettings=null, dnsClient=null, inetAddressResolver=null, contextProvider=null}
2024-52-14 18-52-40 [cluster-ClusterId{value='6693d120ad0bf318b84afad4', description='null'}-localhost:27017] INFO   - Monitor thread successfully connected to server with description ServerDescription{address=localhost:27017, type=STANDALONE, state=CONNECTED, ok=true, minWireVersion=0, maxWireVersion=21, maxDocumentSize=16777216, logicalSessionTimeoutMinutes=30, roundTripTimeNanos=48445300}
2024-52-14 18-52-40 [restartedMain] WARN   - Unable to start LiveReload server
2024-52-14 18-52-41 [restartedMain] INFO   - Starting ProtocolHandler ["http-nio-10003"]
2024-52-14 18-52-41 [restartedMain] INFO   - Tomcat started on port 10003 (http) with context path '/'
2024-52-14 18-52-54 [http-nio-10003-exec-1] INFO   - Initializing Spring DispatcherServlet 'dispatcherServlet'
2024-52-14 18-52-54 [http-nio-10003-exec-1] INFO   - Initializing Servlet 'dispatcherServlet'
2024-52-14 18-52-54 [http-nio-10003-exec-1] INFO   - Completed initialization in 5 ms
2024-53-14 18-53-49 [File Watcher] INFO   - Restarting due to 14 class path changes (0 additions, 11 deletions, 3 modifications)
2024-53-14 18-53-49 [Thread-1] INFO   - Stopping ProtocolHandler ["http-nio-10003"]
2024-53-14 18-53-51 [restartedMain] INFO   - Bootstrapping Spring Data MongoDB repositories in DEFAULT mode.
2024-53-14 18-53-51 [restartedMain] INFO   - Finished Spring Data repository scanning in 1 ms. Found 0 MongoDB repository interfaces.
2024-53-14 18-53-51 [restartedMain] INFO   - Tomcat initialized with port 10003 (http)
2024-53-14 18-53-51 [restartedMain] INFO   - Initializing ProtocolHandler ["http-nio-10003"]
2024-53-14 18-53-51 [restartedMain] INFO   - Starting service [Tomcat]
2024-53-14 18-53-51 [restartedMain] INFO   - Starting Servlet engine: [Apache Tomcat/10.1.25]
2024-53-14 18-53-51 [restartedMain] INFO   - Initializing Spring embedded WebApplicationContext
2024-53-14 18-53-51 [restartedMain] INFO   - Root WebApplicationContext: initialization completed in 1675 ms
2024-53-14 18-53-52 [restartedMain] INFO   - MongoClient with metadata {"driver": {"name": "mongo-java-driver|sync|spring-boot", "version": "5.0.1"}, "os": {"type": "Windows", "name": "Windows 10", "architecture": "amd64", "version": "10.0"}, "platform": "Java/Oracle Corporation/17.0.8+9-LTS-211"} created with settings MongoClientSettings{readPreference=primary, writeConcern=WriteConcern{w=null, wTimeout=null ms, journal=null}, retryWrites=true, retryReads=true, readConcern=ReadConcern{level=null}, credential=null, transportSettings=null, commandListeners=[], codecRegistry=ProvidersCodecRegistry{codecProviders=[ValueCodecProvider{}, BsonValueCodecProvider{}, DBRefCodecProvider{}, DBObjectCodecProvider{}, DocumentCodecProvider{}, CollectionCodecProvider{}, IterableCodecProvider{}, MapCodecProvider{}, GeoJsonCodecProvider{}, GridFSFileCodecProvider{}, Jsr310CodecProvider{}, JsonObjectCodecProvider{}, BsonCodecProvider{}, EnumCodecProvider{}, com.mongodb.client.model.mql.ExpressionCodecProvider@4eb6e2bc, com.mongodb.Jep395RecordCodecProvider@5b4c5019, com.mongodb.KotlinCodecProvider@77c24b2d]}, loggerSettings=LoggerSettings{maxDocumentLength=1000}, clusterSettings={hosts=[localhost:27017], srvServiceName=mongodb, mode=SINGLE, requiredClusterType=UNKNOWN, requiredReplicaSetName='null', serverSelector='null', clusterListeners='[]', serverSelectionTimeout='30000 ms', localThreshold='15 ms'}, socketSettings=SocketSettings{connectTimeoutMS=10000, readTimeoutMS=0, receiveBufferSize=0, proxySettings=ProxySettings{host=null, port=null, username=null, password=null}}, heartbeatSocketSettings=SocketSettings{connectTimeoutMS=10000, readTimeoutMS=10000, receiveBufferSize=0, proxySettings=ProxySettings{host=null, port=null, username=null, password=null}}, connectionPoolSettings=ConnectionPoolSettings{maxSize=100, minSize=0, maxWaitTimeMS=120000, maxConnectionLifeTimeMS=0, maxConnectionIdleTimeMS=0, maintenanceInitialDelayMS=0, maintenanceFrequencyMS=60000, connectionPoolListeners=[], maxConnecting=2}, serverSettings=ServerSettings{heartbeatFrequencyMS=10000, minHeartbeatFrequencyMS=500, serverListeners='[]', serverMonitorListeners='[]'}, sslSettings=SslSettings{enabled=false, invalidHostNameAllowed=false, context=null}, applicationName='null', compressorList=[], uuidRepresentation=JAVA_LEGACY, serverApi=null, autoEncryptionSettings=null, dnsClient=null, inetAddressResolver=null, contextProvider=null}
2024-53-14 18-53-52 [cluster-ClusterId{value='6693d167ad0bf318b84afad5', description='null'}-localhost:27017] INFO   - Monitor thread successfully connected to server with description ServerDescription{address=localhost:27017, type=STANDALONE, state=CONNECTED, ok=true, minWireVersion=0, maxWireVersion=21, maxDocumentSize=16777216, logicalSessionTimeoutMinutes=30, roundTripTimeNanos=21325200}
2024-53-14 18-53-52 [restartedMain] WARN   - Unable to start LiveReload server
2024-53-14 18-53-52 [restartedMain] INFO   - Starting ProtocolHandler ["http-nio-10003"]
2024-53-14 18-53-52 [restartedMain] INFO   - Tomcat started on port 10003 (http) with context path '/'
2024-53-14 18-53-52 [restartedMain] INFO   - Condition evaluation unchanged
2024-53-14 18-53-54 [File Watcher] INFO   - Restarting due to 11 class path changes (11 additions, 0 deletions, 0 modifications)
2024-53-14 18-53-54 [Thread-5] INFO   - Stopping ProtocolHandler ["http-nio-10003"]
2024-53-14 18-53-56 [restartedMain] INFO   - Bootstrapping Spring Data MongoDB repositories in DEFAULT mode.
2024-53-14 18-53-56 [restartedMain] INFO   - Finished Spring Data repository scanning in 49 ms. Found 1 MongoDB repository interface.
2024-53-14 18-53-57 [restartedMain] INFO   - Tomcat initialized with port 10003 (http)
2024-53-14 18-53-57 [restartedMain] INFO   - Initializing ProtocolHandler ["http-nio-10003"]
2024-53-14 18-53-58 [restartedMain] INFO   - Starting service [Tomcat]
2024-53-14 18-53-58 [restartedMain] INFO   - Starting Servlet engine: [Apache Tomcat/10.1.25]
2024-53-14 18-53-58 [restartedMain] INFO   - Initializing Spring embedded WebApplicationContext
2024-53-14 18-53-58 [restartedMain] INFO   - Root WebApplicationContext: initialization completed in 3006 ms
2024-53-14 18-53-58 [restartedMain] INFO   - MongoClient with metadata {"driver": {"name": "mongo-java-driver|sync|spring-boot", "version": "5.0.1"}, "os": {"type": "Windows", "name": "Windows 10", "architecture": "amd64", "version": "10.0"}, "platform": "Java/Oracle Corporation/17.0.8+9-LTS-211"} created with settings MongoClientSettings{readPreference=primary, writeConcern=WriteConcern{w=null, wTimeout=null ms, journal=null}, retryWrites=true, retryReads=true, readConcern=ReadConcern{level=null}, credential=null, transportSettings=null, commandListeners=[], codecRegistry=ProvidersCodecRegistry{codecProviders=[ValueCodecProvider{}, BsonValueCodecProvider{}, DBRefCodecProvider{}, DBObjectCodecProvider{}, DocumentCodecProvider{}, CollectionCodecProvider{}, IterableCodecProvider{}, MapCodecProvider{}, GeoJsonCodecProvider{}, GridFSFileCodecProvider{}, Jsr310CodecProvider{}, JsonObjectCodecProvider{}, BsonCodecProvider{}, EnumCodecProvider{}, com.mongodb.client.model.mql.ExpressionCodecProvider@4eb6e2bc, com.mongodb.Jep395RecordCodecProvider@5b4c5019, com.mongodb.KotlinCodecProvider@77c24b2d]}, loggerSettings=LoggerSettings{maxDocumentLength=1000}, clusterSettings={hosts=[localhost:27017], srvServiceName=mongodb, mode=SINGLE, requiredClusterType=UNKNOWN, requiredReplicaSetName='null', serverSelector='null', clusterListeners='[]', serverSelectionTimeout='30000 ms', localThreshold='15 ms'}, socketSettings=SocketSettings{connectTimeoutMS=10000, readTimeoutMS=0, receiveBufferSize=0, proxySettings=ProxySettings{host=null, port=null, username=null, password=null}}, heartbeatSocketSettings=SocketSettings{connectTimeoutMS=10000, readTimeoutMS=10000, receiveBufferSize=0, proxySettings=ProxySettings{host=null, port=null, username=null, password=null}}, connectionPoolSettings=ConnectionPoolSettings{maxSize=100, minSize=0, maxWaitTimeMS=120000, maxConnectionLifeTimeMS=0, maxConnectionIdleTimeMS=0, maintenanceInitialDelayMS=0, maintenanceFrequencyMS=60000, connectionPoolListeners=[], maxConnecting=2}, serverSettings=ServerSettings{heartbeatFrequencyMS=10000, minHeartbeatFrequencyMS=500, serverListeners='[]', serverMonitorListeners='[]'}, sslSettings=SslSettings{enabled=false, invalidHostNameAllowed=false, context=null}, applicationName='null', compressorList=[], uuidRepresentation=JAVA_LEGACY, serverApi=null, autoEncryptionSettings=null, dnsClient=null, inetAddressResolver=null, contextProvider=null}
2024-53-14 18-53-58 [restartedMain] WARN   - Unable to start LiveReload server
2024-53-14 18-53-58 [cluster-ClusterId{value='6693d16ead0bf318b84afad6', description='null'}-localhost:27017] INFO   - Monitor thread successfully connected to server with description ServerDescription{address=localhost:27017, type=STANDALONE, state=CONNECTED, ok=true, minWireVersion=0, maxWireVersion=21, maxDocumentSize=16777216, logicalSessionTimeoutMinutes=30, roundTripTimeNanos=193002700}
2024-53-14 18-53-59 [restartedMain] INFO   - Starting ProtocolHandler ["http-nio-10003"]
2024-53-14 18-53-59 [restartedMain] INFO   - Tomcat started on port 10003 (http) with context path '/'
2024-53-14 18-53-59 [restartedMain] INFO   - Condition evaluation unchanged
2024-53-14 18-53-59 [SpringApplicationShutdownHook] INFO   - Stopping ProtocolHandler ["http-nio-10003"]
2024-54-14 18-54-27 [background-preinit] INFO   - HV000001: Hibernate Validator 8.0.1.Final
2024-54-14 18-54-27 [restartedMain] INFO   - Devtools property defaults active! Set 'spring.devtools.add-properties' to 'false' to disable
2024-54-14 18-54-27 [restartedMain] INFO   - For additional web related logging consider setting the 'logging.level.web' property to 'DEBUG'
2024-54-14 18-54-29 [restartedMain] INFO   - Bootstrapping Spring Data MongoDB repositories in DEFAULT mode.
2024-54-14 18-54-29 [restartedMain] INFO   - Finished Spring Data repository scanning in 82 ms. Found 1 MongoDB repository interface.
2024-54-14 18-54-30 [restartedMain] INFO   - Tomcat initialized with port 10003 (http)
2024-54-14 18-54-30 [restartedMain] INFO   - Initializing ProtocolHandler ["http-nio-10003"]
2024-54-14 18-54-30 [restartedMain] INFO   - Starting service [Tomcat]
2024-54-14 18-54-30 [restartedMain] INFO   - Starting Servlet engine: [Apache Tomcat/10.1.25]
2024-54-14 18-54-30 [restartedMain] INFO   - Initializing Spring embedded WebApplicationContext
2024-54-14 18-54-30 [restartedMain] INFO   - Root WebApplicationContext: initialization completed in 2810 ms
2024-54-14 18-54-31 [restartedMain] INFO   - MongoClient with metadata {"driver": {"name": "mongo-java-driver|sync|spring-boot", "version": "5.0.1"}, "os": {"type": "Windows", "name": "Windows 10", "architecture": "amd64", "version": "10.0"}, "platform": "Java/Oracle Corporation/17.0.8+9-LTS-211"} created with settings MongoClientSettings{readPreference=primary, writeConcern=WriteConcern{w=null, wTimeout=null ms, journal=null}, retryWrites=true, retryReads=true, readConcern=ReadConcern{level=null}, credential=null, transportSettings=null, commandListeners=[], codecRegistry=ProvidersCodecRegistry{codecProviders=[ValueCodecProvider{}, BsonValueCodecProvider{}, DBRefCodecProvider{}, DBObjectCodecProvider{}, DocumentCodecProvider{}, CollectionCodecProvider{}, IterableCodecProvider{}, MapCodecProvider{}, GeoJsonCodecProvider{}, GridFSFileCodecProvider{}, Jsr310CodecProvider{}, JsonObjectCodecProvider{}, BsonCodecProvider{}, EnumCodecProvider{}, com.mongodb.client.model.mql.ExpressionCodecProvider@42142f84, com.mongodb.Jep395RecordCodecProvider@3fa81939, com.mongodb.KotlinCodecProvider@2706a147]}, loggerSettings=LoggerSettings{maxDocumentLength=1000}, clusterSettings={hosts=[localhost:27017], srvServiceName=mongodb, mode=SINGLE, requiredClusterType=UNKNOWN, requiredReplicaSetName='null', serverSelector='null', clusterListeners='[]', serverSelectionTimeout='30000 ms', localThreshold='15 ms'}, socketSettings=SocketSettings{connectTimeoutMS=10000, readTimeoutMS=0, receiveBufferSize=0, proxySettings=ProxySettings{host=null, port=null, username=null, password=null}}, heartbeatSocketSettings=SocketSettings{connectTimeoutMS=10000, readTimeoutMS=10000, receiveBufferSize=0, proxySettings=ProxySettings{host=null, port=null, username=null, password=null}}, connectionPoolSettings=ConnectionPoolSettings{maxSize=100, minSize=0, maxWaitTimeMS=120000, maxConnectionLifeTimeMS=0, maxConnectionIdleTimeMS=0, maintenanceInitialDelayMS=0, maintenanceFrequencyMS=60000, connectionPoolListeners=[], maxConnecting=2}, serverSettings=ServerSettings{heartbeatFrequencyMS=10000, minHeartbeatFrequencyMS=500, serverListeners='[]', serverMonitorListeners='[]'}, sslSettings=SslSettings{enabled=false, invalidHostNameAllowed=false, context=null}, applicationName='null', compressorList=[], uuidRepresentation=JAVA_LEGACY, serverApi=null, autoEncryptionSettings=null, dnsClient=null, inetAddressResolver=null, contextProvider=null}
2024-54-14 18-54-31 [cluster-ClusterId{value='6693d18e1a197479257809aa', description='null'}-localhost:27017] INFO   - Monitor thread successfully connected to server with description ServerDescription{address=localhost:27017, type=STANDALONE, state=CONNECTED, ok=true, minWireVersion=0, maxWireVersion=21, maxDocumentSize=16777216, logicalSessionTimeoutMinutes=30, roundTripTimeNanos=60321200}
2024-54-14 18-54-31 [restartedMain] WARN   - Unable to start LiveReload server
2024-54-14 18-54-32 [restartedMain] INFO   - Starting ProtocolHandler ["http-nio-10003"]
2024-54-14 18-54-32 [restartedMain] INFO   - Tomcat started on port 10003 (http) with context path '/'
2024-54-14 18-54-41 [http-nio-10003-exec-1] INFO   - Initializing Spring DispatcherServlet 'dispatcherServlet'
2024-54-14 18-54-41 [http-nio-10003-exec-1] INFO   - Initializing Servlet 'dispatcherServlet'
2024-54-14 18-54-41 [http-nio-10003-exec-1] INFO   - Completed initialization in 3 ms
